<?xml version="1.0" encoding="UTF-8"?>
<!-- Generated by org.testng.reporters.JUnitReportReporter -->
<testsuite hostname="Yogi" failures="0" tests="1" name="ExtentReports.UsingExtentReports" time="12.929" errors="0" timestamp="2025-04-14T15:17:01 IST" skipped="0">
  <testcase classname="ExtentReports.UsingExtentReports" name="Demo" time="12.929"/>
</testsuite> <!-- ExtentReports.UsingExtentReports -->
