<?xml version="1.0" encoding="UTF-8"?>
<!-- Generated by org.testng.reporters.JUnitReportReporter -->
<testsuite hostname="Yogi" failures="0" tests="1" name="Contacts.CreateContactWithSupportDateTest" time="21.578" errors="0" timestamp="2025-04-19T15:03:43 IST" skipped="0">
  <testcase classname="Contacts.CreateContactWithSupportDateTest" name="createConwithSupportdateTest" time="21.578">
    <system-out>
      <![CDATA[createConwithSupportdateTest--Started--
createConwithSupportdateTest--Success--]]>
    </system-out>
  </testcase> <!-- createConwithSupportdateTest -->
  <system-out>
    <![CDATA[Report configuration
Configure the DB:Connect
BT:parallel Exe
Launch the browser
logout of the application
createConwithSupportdateTest--Started--
createConwithSupportdateTest--Success--
Logout of the appln
Close the Browser
Launch the browser
logout of the application
contacttest--Started--
contacttest--Success--
Logout of the appln
Close the Browser
AT:Parllel exe
Close the DataBase Connection]]>
  </system-out>
</testsuite> <!-- Contacts.CreateContactWithSupportDateTest -->
