<?xml version="1.0" encoding="UTF-8"?>
<!-- Generated by org.testng.reporters.JUnitReportReporter -->
<testsuite hostname="Yogi" failures="0" tests="1" name="SystemTesting.CreateContact" time="33.625" errors="0" timestamp="2025-03-28T14:52:07 IST" skipped="0">
  <testcase classname="SystemTesting.CreateContact" name="createOrg" time="33.625"/>
</testsuite> <!-- SystemTesting.CreateContact -->
