<?xml version="1.0" encoding="UTF-8"?>
<!-- Generated by org.testng.reporters.JUnitReportReporter -->
<testsuite hostname="Yogi" failures="0" tests="1" name="SystemTesting.CreateOrgWithPhoneNumber" time="58.795" errors="0" timestamp="2025-03-20T10:12:57 IST" skipped="0">
  <testcase classname="SystemTesting.CreateOrgWithPhoneNumber" name="createOrg" time="58.795"/>
</testsuite> <!-- SystemTesting.CreateOrgWithPhoneNumber -->
