<?xml version="1.0" encoding="UTF-8"?>
<!-- Generated by org.testng.reporters.JUnitReportReporter -->
<testsuite hostname="Yogi" failures="0" tests="1" name="SystemTesting.UsingDataDrivenCreateOrg" time="73.637" errors="0" timestamp="2025-03-24T14:31:51 IST" skipped="0">
  <testcase classname="SystemTesting.UsingDataDrivenCreateOrg" name="createOrg" time="73.637"/>
</testsuite> <!-- SystemTesting.UsingDataDrivenCreateOrg -->
