<?xml version="1.0" encoding="UTF-8"?>
<!-- Generated by org.testng.reporters.JUnitReportReporter -->
<testsuite hostname="Yogi" failures="0" tests="1" name="Organizations.CreateOrganisationWithNameTest" time="40.480" errors="0" timestamp="2025-04-19T11:08:10 IST" skipped="0">
  <testcase classname="Organizations.CreateOrganisationWithNameTest" name="organisationtest" time="40.480">
    <system-out>
      <![CDATA[organisationtest--Started--
organisationtest--Success--]]>
    </system-out>
  </testcase> <!-- organisationtest -->
  <system-out>
    <![CDATA[Report configuration
Configure the DB:Connect
BT:parallel Exe
Launch the browser
logout of the application
organisationtest--Started--
organisationtest--Success--
Logout of the appln
Close the Browser
AT:Parllel exe
Close the DataBase Connection]]>
  </system-out>
</testsuite> <!-- Organizations.CreateOrganisationWithNameTest -->
