<?xml version="1.0" encoding="UTF-8"?>
<!-- Generated by org.testng.reporters.JUnitReportReporter -->
<testsuite hostname="Yogi" failures="0" tests="1" name="Organizations.CreateOrgWithIndustryTypeTest" time="23.080" errors="0" timestamp="2025-04-18T15:28:26 IST" skipped="0">
  <testcase classname="Organizations.CreateOrgWithIndustryTypeTest" name="organisationindustrytype" time="23.080">
    <system-out>
      <![CDATA[organisationindustrytype--Started--
organisationindustrytype--Success--]]>
    </system-out>
  </testcase> <!-- organisationindustrytype -->
  <system-out>
    <![CDATA[Report configuration
Configure the DB:Connect
BT:parallel Exe
Launch the browser
logout of the application
organisationphonenumber--Started--
organisationphonenumber--Success--
Logout of the appln
Close the Browser
Launch the browser
logout of the application
createConwithSupportdateTest--Started--
createConwithSupportdateTest--Success--
Logout of the appln
Close the Browser
Launch the browser
logout of the application
organisationtest--Started--
organisationtest--Success--
Logout of the appln
Close the Browser
Launch the browser
logout of the application
createConwithorgTest--Started--
Buchi Babu2327Test Pass
createConwithorgTest--Success--
Logout of the appln
Close the Browser
Launch the browser
logout of the application
organisationindustrytype--Started--
organisationindustrytype--Success--
Logout of the appln
Close the Browser
Launch the browser
logout of the application
contacttest--Started--
contacttest--Success--
Logout of the appln
Close the Browser
AT:Parllel exe
Close the DataBase Connection]]>
  </system-out>
</testsuite> <!-- Organizations.CreateOrgWithIndustryTypeTest -->
