<?xml version="1.0" encoding="UTF-8"?>
<!-- Generated by org.testng.reporters.JUnitReportReporter -->
<testsuite hostname="Yogi" failures="0" tests="3" name="Contacts.ContractsScenariosTest" time="80.087" errors="0" timestamp="2025-04-16T14:50:27 IST" skipped="0">
  <testcase classname="Contacts.ContractsScenariosTest" name="createConwithSupportdateTest" time="20.788">
    <system-out>
      <![CDATA[createConwithSupportdateTest--Started--
createConwithSupportdateTest--Success--]]>
    </system-out>
  </testcase> <!-- createConwithSupportdateTest -->
  <testcase classname="Contacts.ContractsScenariosTest" name="contacttest" time="24.024">
    <system-out>
      <![CDATA[contacttest--Started--
contacttest--Success--]]>
    </system-out>
  </testcase> <!-- contacttest -->
  <testcase classname="Contacts.ContractsScenariosTest" name="createConwithorgTest" time="35.275">
    <system-out>
      <![CDATA[createConwithorgTest--Started--
Buchi Babu6153Test Pass
createConwithorgTest--Success--]]>
    </system-out>
  </testcase> <!-- createConwithorgTest -->
  <system-out>
    <![CDATA[Report configuration
Configure the DB:Connect
BT:parallel Exe
Launch the browser
logout of the application
contacttest--Started--
contacttest--Success--
Logout of the appln
logout of the application
createConwithSupportdateTest--Started--
createConwithSupportdateTest--Success--
Logout of the appln
logout of the application
createConwithorgTest--Started--
Buchi Babu6153Test Pass
createConwithorgTest--Success--
Logout of the appln
Close the Browser
AT:Parllel exe
Close the DataBase Connection]]>
  </system-out>
</testsuite> <!-- Contacts.ContractsScenariosTest -->
