<?xml version="1.0" encoding="UTF-8"?>
<!-- Generated by org.testng.reporters.JUnitReportReporter -->
<testsuite hostname="Yogi" failures="0" tests="1" name="Contacts.CreateContactWithSupportDate" time="22.001" errors="0" timestamp="2025-04-08T15:25:37 IST" skipped="0">
  <testcase classname="Contacts.CreateContactWithSupportDate" name="createConwithSupportdateTest" time="22.001">
    <system-out>
      <![CDATA[Buchi Babu3502Test Pass
contact created with start date
contact created with end date]]>
    </system-out>
  </testcase> <!-- createConwithSupportdateTest -->
  <system-out>
    <![CDATA[Configure the DB:Connect
BT:parallel Exe
Launch the browser
logout of the application
RoadStar*5143Test Pass
ElectronicsTest pass
CustomerTest pass
Logout of the appln
Close the Browser
Launch the browser
logout of the application
org with ph no  created
Logout of the appln
Close the Browser
Launch the browser
logout of the application
Buchi Babu5430Test Pass
Logout of the appln
Close the Browser
Launch the browser
logout of the application
RoadStar*3902Test Pass
Logout of the appln
Close the Browser
Launch the browser
logout of the application
Buchi Babu3502Test Pass
contact created with start date
contact created with end date
Logout of the appln
Close the Browser
Launch the browser
logout of the application
Buchi Babu3236Test Pass
Buchi Babu3236Test Pass
Logout of the appln
AT:Parllel exe
Close the DataBase Connection]]>
  </system-out>
</testsuite> <!-- Contacts.CreateContactWithSupportDate -->
