<?xml version="1.0" encoding="UTF-8"?>
<!-- Generated by org.testng.reporters.JUnitReportReporter -->
<testsuite hostname="Yogi" failures="0" tests="1" name="SystemTesting.CreateOrganization" time="36.613" errors="0" timestamp="2025-03-28T11:44:56 IST" skipped="0">
  <testcase classname="SystemTesting.CreateOrganization" name="createOrg" time="36.613"/>
</testsuite> <!-- SystemTesting.CreateOrganization -->
